[debug] [2025-03-22T06:27:28.979Z] ----------------------------------------------------------------------
[debug] [2025-03-22T06:27:28.983Z] Command:       C:\Program Files\nodejs\node.exe C:\Users\Zaina\AppData\Roaming\npm\node_modules\firebase-tools\lib\bin\firebase.js init hosting
[debug] [2025-03-22T06:27:28.984Z] CLI Version:   13.35.1
[debug] [2025-03-22T06:27:28.984Z] Platform:      win32
[debug] [2025-03-22T06:27:28.984Z] Node Version:  v23.10.0
[debug] [2025-03-22T06:27:28.984Z] Time:          Sat Mar 22 2025 11:27:28 GMT+0500 (Pakistan Standard Time)
[debug] [2025-03-22T06:27:28.984Z] ----------------------------------------------------------------------
[debug] 
[debug] [2025-03-22T06:27:28.990Z] > command requires scopes: ["email","openid","https://www.googleapis.com/auth/cloudplatformprojects.readonly","https://www.googleapis.com/auth/firebase","https://www.googleapis.com/auth/cloud-platform"]
[debug] [2025-03-22T06:27:28.991Z] > authorizing via signed-in user (zainabpro298@gmail.com)
[info] 
     ######## #### ########  ######## ########     ###     ######  ########
     ##        ##  ##     ## ##       ##     ##  ##   ##  ##       ##
     ######    ##  ########  ######   ########  #########  ######  ######
     ##        ##  ##    ##  ##       ##     ## ##     ##       ## ##
     ##       #### ##     ## ######## ########  ##     ##  ######  ########

You're about to initialize a Firebase project in this directory:

  C:\Users\Zaina\OneDrive\Documents\GitHub\web-portfolio

[info] 
=== Project Setup
[info] 
[info] First, let's associate this project directory with a Firebase project.
[info] You can create multiple project aliases by running firebase use --add, 
[info] but for now we'll just set up a default project.
[info] 
[info] i  If you want to create a project in a Google Cloud organization or folder, please use "firebase projects:create" instead, and return to this command when you've created the project. 
[debug] [2025-03-22T06:27:55.049Z] Checked if tokens are valid: true, expires at: 1742627911773
[debug] [2025-03-22T06:27:55.050Z] Checked if tokens are valid: true, expires at: 1742627911773
[debug] [2025-03-22T06:27:55.051Z] >>> [apiv2][query] POST https://cloudresourcemanager.googleapis.com/v1/projects [none]
[debug] [2025-03-22T06:27:55.051Z] >>> [apiv2][body] POST https://cloudresourcemanager.googleapis.com/v1/projects {"projectId":"firebase login","name":"Zainab-Akbar"}
[debug] [2025-03-22T06:27:56.764Z] <<< [apiv2][status] POST https://cloudresourcemanager.googleapis.com/v1/projects 400
[debug] [2025-03-22T06:27:56.764Z] <<< [apiv2][body] POST https://cloudresourcemanager.googleapis.com/v1/projects {"error":{"code":400,"message":"field [project_id] has issue [project_id contains invalid characters]","status":"INVALID_ARGUMENT","details":[{"@type":"type.googleapis.com/google.rpc.BadRequest","fieldViolations":[{"field":"project_id","description":"project_id contains invalid characters"}]},{"@type":"type.googleapis.com/google.rpc.Help","links":[{"url":"https://cloud.google.com/resource-manager/reference/rest/v1/projects"}]}]}}
[debug] [2025-03-22T06:27:57.293Z] FirebaseError: Request to https://cloudresourcemanager.googleapis.com/v1/projects had HTTP Error: 400, field [project_id] has issue [project_id contains invalid characters]
    at responseToError (C:\Users\Zaina\AppData\Roaming\npm\node_modules\firebase-tools\lib\responseToError.js:52:12)
    at RetryOperation._fn (C:\Users\Zaina\AppData\Roaming\npm\node_modules\firebase-tools\lib\apiv2.js:312:77)
    at process.processTicksAndRejections (node:internal/process/task_queues:105:5)
[error] 
[error] Error: Failed to create project. See firebase-debug.log for more info.
